<?xml version="1.0" encoding="UTF-8"?>
<testsuite xmlns:xsi="http://www.w3.org/2001/XMLSchema-instance" xsi:noNamespaceSchemaLocation="https://maven.apache.org/surefire/maven-surefire-plugin/xsd/surefire-test-report.xsd" name="com.controller.sweng894.ComControllerTest" time="0.552" tests="11" errors="0" skipped="0" failures="0">
  <properties>
[...]
</properties>
  <testcase name="AuxOilsystemHighalarms1 on AuxOilsystemHighalarms1(com.controller.sweng894.ComControllerTest)" classname="com.controller.sweng894.ComControllerTest" time="0.003"/>
  <testcase name="comDischargeHighalarms1 on comDischargeHighalarms1(com.controller.sweng894.ComControllerTest)" classname="com.controller.sweng894.ComControllerTest" time="0"/>
  <testcase name="comCoolingPressLowshutdown on comCoolingPressLowshutdown(com.controller.sweng894.ComControllerTest)" classname="com.controller.sweng894.ComControllerTest" time="0"/>
  <testcase name="comSuctionLowalarms1 on comSuctionLowalarms1(com.controller.sweng894.ComControllerTest)" classname="com.controller.sweng894.ComControllerTest" time="0"/>
  <testcase name="comDischargeLowalarms1 on comDischargeLowalarms1(com.controller.sweng894.ComControllerTest)" classname="com.controller.sweng894.ComControllerTest" time="0"/>
  <testcase name="comCoolingPressHighshutdown on comCoolingPressHighshutdown(com.controller.sweng894.ComControllerTest)" classname="com.controller.sweng894.ComControllerTest" time="0"/>
  <testcase name="vibpermissive on vibpermissive(com.controller.sweng894.ComControllerTest)" classname="com.controller.sweng894.ComControllerTest" time="0.001"/>
  <testcase name="highalarmleaf on highalarmleaf(com.controller.sweng894.ComControllerTest)" classname="com.controller.sweng894.ComControllerTest" time="0"/>
  <testcase name="AuxcoolingHighalarms1 on AuxcoolingHighalarms1(com.controller.sweng894.ComControllerTest)" classname="com.controller.sweng894.ComControllerTest" time="0.001"/>
  <testcase name="lowalarmleaf on lowalarmleaf(com.controller.sweng894.ComControllerTest)" classname="com.controller.sweng894.ComControllerTest" time="0"/>
  <testcase name="comSuctionHighalarms1 on comSuctionHighalarms1(com.controller.sweng894.ComControllerTest)" classname="com.controller.sweng894.ComControllerTest" time="0"/>
</testsuite>