<?xml version="1.0" encoding="UTF-8"?>
<testsuite xmlns:xsi="http://www.w3.org/2001/XMLSchema-instance" xsi:schemaLocation="https://maven.apache.org/surefire/maven-surefire-plugin/xsd/surefire-test-report.xsd" name="com.controller.sweng894.ComControllerTest" time="0.734" tests="34" errors="0" skipped="0" failures="0">
  <properties>
[...]
</properties>
  <testcase name="AutoLoadingPermissivesTest on AutoLoadingPermissivesTest(com.controller.sweng894.ComControllerTest)" classname="com.controller.sweng894.ComControllerTest" time="0.045"/>
  <testcase name="ComAuxOverallPermissiveAssertion on ComAuxOverallPermissiveAssertion(com.controller.sweng894.ComControllerTest)" classname="com.controller.sweng894.ComControllerTest" time="0"/>
  <testcase name="AutoUnLoadingRampCompressorRunningPermissiveNotOkay on AutoUnLoadingRampCompressorRunningPermissiveNotOkay(com.controller.sweng894.ComControllerTest)" classname="com.controller.sweng894.ComControllerTest" time="0"/>
  <testcase name="ComDriveStartIngeration on ComDriveStartIngeration(com.controller.sweng894.ComControllerTest)" classname="com.controller.sweng894.ComControllerTest" time="0.001"/>
  <testcase name="AuxOilsystemHighalarms1 on AuxOilsystemHighalarms1(com.controller.sweng894.ComControllerTest)" classname="com.controller.sweng894.ComControllerTest" time="0.002"/>
  <testcase name="ComAuxOverallShutdownWordAssertion on ComAuxOverallShutdownWordAssertion(com.controller.sweng894.ComControllerTest)" classname="com.controller.sweng894.ComControllerTest" time="0"/>
  <testcase name="ComDriveStop on ComDriveStop(com.controller.sweng894.ComControllerTest)" classname="com.controller.sweng894.ComControllerTest" time="0.001"/>
  <testcase name="comDischargeHighalarms1 on comDischargeHighalarms1(com.controller.sweng894.ComControllerTest)" classname="com.controller.sweng894.ComControllerTest" time="0"/>
  <testcase name="ComEventCompositAssertion on ComEventCompositAssertion(com.controller.sweng894.ComControllerTest)" classname="com.controller.sweng894.ComControllerTest" time="0.008"/>
  <testcase name="ComDriveStart on ComDriveStart(com.controller.sweng894.ComControllerTest)" classname="com.controller.sweng894.ComControllerTest" time="0"/>
  <testcase name="comCoolingPressLowshutdown on comCoolingPressLowshutdown(com.controller.sweng894.ComControllerTest)" classname="com.controller.sweng894.ComControllerTest" time="0"/>
  <testcase name="AutoUnLoadingRampCompressorTripped on AutoUnLoadingRampCompressorTripped(com.controller.sweng894.ComControllerTest)" classname="com.controller.sweng894.ComControllerTest" time="0"/>
  <testcase name="AutoLoadingRamp on AutoLoadingRamp(com.controller.sweng894.ComControllerTest)" classname="com.controller.sweng894.ComControllerTest" time="0.001"/>
  <testcase name="AutoUnLoadingRampCompressorRunningPermissiveOkayVlaveAtFinalPosition on AutoUnLoadingRampCompressorRunningPermissiveOkayVlaveAtFinalPosition(com.controller.sweng894.ComControllerTest)" classname="com.controller.sweng894.ComControllerTest" time="0"/>
  <testcase name="comSuctionLowalarms1 on comSuctionLowalarms1(com.controller.sweng894.ComControllerTest)" classname="com.controller.sweng894.ComControllerTest" time="0"/>
  <testcase name="AutoLoadingPermissives on AutoLoadingPermissives(com.controller.sweng894.ComControllerTest)" classname="com.controller.sweng894.ComControllerTest" time="0"/>
  <testcase name="AutoUnLoadingRampActivePermissiveOkayCompressorRunning on AutoUnLoadingRampActivePermissiveOkayCompressorRunning(com.controller.sweng894.ComControllerTest)" classname="com.controller.sweng894.ComControllerTest" time="0.001"/>
  <testcase name="comDischargeLowalarms1 on comDischargeLowalarms1(com.controller.sweng894.ComControllerTest)" classname="com.controller.sweng894.ComControllerTest" time="0"/>
  <testcase name="LowAlarmTriggered_ByComController_ThenDisableCommandIssued_ByOperator on LowAlarmTriggered_ByComController_ThenDisableCommandIssued_ByOperator(com.controller.sweng894.ComControllerTest)" classname="com.controller.sweng894.ComControllerTest" time="0.001"/>
  <testcase name="comCoolingPressHighshutdown on comCoolingPressHighshutdown(com.controller.sweng894.ComControllerTest)" classname="com.controller.sweng894.ComControllerTest" time="0"/>
  <testcase name="vibpermissive on vibpermissive(com.controller.sweng894.ComControllerTest)" classname="com.controller.sweng894.ComControllerTest" time="0.001"/>
  <testcase name="highalarmleaf on highalarmleaf(com.controller.sweng894.ComControllerTest)" classname="com.controller.sweng894.ComControllerTest" time="0"/>
  <testcase name="ALarmDisabledReEnabled on ALarmDisabledReEnabled(com.controller.sweng894.ComControllerTest)" classname="com.controller.sweng894.ComControllerTest" time="0"/>
  <testcase name="AutoLoadingAssertComSim on AutoLoadingAssertComSim(com.controller.sweng894.ComControllerTest)" classname="com.controller.sweng894.ComControllerTest" time="0.002"/>
  <testcase name="ComDriveShutdown on ComDriveShutdown(com.controller.sweng894.ComControllerTest)" classname="com.controller.sweng894.ComControllerTest" time="0"/>
  <testcase name="AuxcoolingHighalarms1 on AuxcoolingHighalarms1(com.controller.sweng894.ComControllerTest)" classname="com.controller.sweng894.ComControllerTest" time="0.001"/>
  <testcase name="ComDrivePermssive on ComDrivePermssive(com.controller.sweng894.ComControllerTest)" classname="com.controller.sweng894.ComControllerTest" time="0"/>
  <testcase name="lowalarmleaf on lowalarmleaf(com.controller.sweng894.ComControllerTest)" classname="com.controller.sweng894.ComControllerTest" time="0"/>
  <testcase name="ComDriveStartIngerationTripAndPermissiveDetection on ComDriveStartIngerationTripAndPermissiveDetection(com.controller.sweng894.ComControllerTest)" classname="com.controller.sweng894.ComControllerTest" time="0"/>
  <testcase name="AutoUnLoadingPermissives on AutoUnLoadingPermissives(com.controller.sweng894.ComControllerTest)" classname="com.controller.sweng894.ComControllerTest" time="0"/>
  <testcase name="AutoUnLoadingRampCompressorRunningPermissiveOkayVlaveAtOutOfBoundaryPosition on AutoUnLoadingRampCompressorRunningPermissiveOkayVlaveAtOutOfBoundaryPosition(com.controller.sweng894.ComControllerTest)" classname="com.controller.sweng894.ComControllerTest" time="0"/>
  <testcase name="HighAlarmTriggered_ByComController_ThenDisableCommandIssued_ByOperator on HighAlarmTriggered_ByComController_ThenDisableCommandIssued_ByOperator(com.controller.sweng894.ComControllerTest)" classname="com.controller.sweng894.ComControllerTest" time="0"/>
  <testcase name="ComEventAssertion on ComEventAssertion(com.controller.sweng894.ComControllerTest)" classname="com.controller.sweng894.ComControllerTest" time="0"/>
  <testcase name="comSuctionHighalarms1 on comSuctionHighalarms1(com.controller.sweng894.ComControllerTest)" classname="com.controller.sweng894.ComControllerTest" time="0"/>
</testsuite>