<?xml version="1.0" encoding="UTF-8"?>
<!-- Generated by org.testng.reporters.JUnitXMLReporter -->
<testsuite ignored="0" hostname="LAPTOP-5S247QQU" failures="0" tests="22" name="Surefire test" time="0.085" errors="0" timestamp="2022-07-17T14:26:55 CDT">
  <testcase classname="com.controller.sweng894.ComControllerTest" name="ComAuxOverallPermissiveAssertion on ComAuxOverallPermissiveAssertion(com.controller.sweng894.ComControllerTest)" time="0.011"/>
  <testcase classname="com.controller.sweng894.ComControllerTest" name="ComDriveStartIngeration on ComDriveStartIngeration(com.controller.sweng894.ComControllerTest)" time="0.012"/>
  <testcase classname="com.controller.sweng894.ComControllerTest" name="AuxOilsystemHighalarms1 on AuxOilsystemHighalarms1(com.controller.sweng894.ComControllerTest)" time="0.021"/>
  <testcase classname="com.controller.sweng894.ComControllerTest" name="ComAuxOverallShutdownWordAssertion on ComAuxOverallShutdownWordAssertion(com.controller.sweng894.ComControllerTest)" time="0.02"/>
  <testcase classname="com.controller.sweng894.ComControllerTest" name="ComDriveStop on ComDriveStop(com.controller.sweng894.ComControllerTest)" time="0.021"/>
  <testcase classname="com.controller.sweng894.ComControllerTest" name="comDischargeHighalarms1 on comDischargeHighalarms1(com.controller.sweng894.ComControllerTest)" time="0.022"/>
  <testcase classname="com.controller.sweng894.ComControllerTest" name="ComDriveStart on ComDriveStart(com.controller.sweng894.ComControllerTest)" time="0.022"/>
  <testcase classname="com.controller.sweng894.ComControllerTest" name="comCoolingPressLowshutdown on comCoolingPressLowshutdown(com.controller.sweng894.ComControllerTest)" time="0.024"/>
  <testcase classname="com.controller.sweng894.ComControllerTest" name="comSuctionLowalarms1 on comSuctionLowalarms1(com.controller.sweng894.ComControllerTest)" time="0.025"/>
  <testcase classname="com.controller.sweng894.ComControllerTest" name="comDischargeLowalarms1 on comDischargeLowalarms1(com.controller.sweng894.ComControllerTest)" time="0.026"/>
  <testcase classname="com.controller.sweng894.ComControllerTest" name="LowAlarmTriggered_ByComController_ThenDisableCommandIssued_ByOperator on LowAlarmTriggered_ByComController_ThenDisableCommandIssued_ByOperator(com.controller.sweng894.ComControllerTest)" time="0.026"/>
  <testcase classname="com.controller.sweng894.ComControllerTest" name="comCoolingPressHighshutdown on comCoolingPressHighshutdown(com.controller.sweng894.ComControllerTest)" time="0.027"/>
  <testcase classname="com.controller.sweng894.ComControllerTest" name="vibpermissive on vibpermissive(com.controller.sweng894.ComControllerTest)" time="0.031"/>
  <testcase classname="com.controller.sweng894.ComControllerTest" name="highalarmleaf on highalarmleaf(com.controller.sweng894.ComControllerTest)" time="0.032"/>
  <testcase classname="com.controller.sweng894.ComControllerTest" name="ALarmDisabledReEnabled on ALarmDisabledReEnabled(com.controller.sweng894.ComControllerTest)" time="0.032"/>
  <testcase classname="com.controller.sweng894.ComControllerTest" name="ComDriveShutdown on ComDriveShutdown(com.controller.sweng894.ComControllerTest)" time="0.032"/>
  <testcase classname="com.controller.sweng894.ComControllerTest" name="AuxcoolingHighalarms1 on AuxcoolingHighalarms1(com.controller.sweng894.ComControllerTest)" time="0.033"/>
  <testcase classname="com.controller.sweng894.ComControllerTest" name="ComDrivePermssive on ComDrivePermssive(com.controller.sweng894.ComControllerTest)" time="0.033"/>
  <testcase classname="com.controller.sweng894.ComControllerTest" name="lowalarmleaf on lowalarmleaf(com.controller.sweng894.ComControllerTest)" time="0.033"/>
  <testcase classname="com.controller.sweng894.ComControllerTest" name="ComDriveStartIngerationTripAndPermissiveDetection on ComDriveStartIngerationTripAndPermissiveDetection(com.controller.sweng894.ComControllerTest)" time="0.033"/>
  <testcase classname="com.controller.sweng894.ComControllerTest" name="HighAlarmTriggered_ByComController_ThenDisableCommandIssued_ByOperator on HighAlarmTriggered_ByComController_ThenDisableCommandIssued_ByOperator(com.controller.sweng894.ComControllerTest)" time="0.033"/>
  <testcase classname="com.controller.sweng894.ComControllerTest" name="comSuctionHighalarms1 on comSuctionHighalarms1(com.controller.sweng894.ComControllerTest)" time="0.034"/>
</testsuite> <!-- Surefire test -->
